<?xml version="1.0" encoding="UTF-8"?>
<!-- Generated by org.testng.reporters.JUnitReportReporter -->
<testsuite hostname="DESKTOP-TDN0II2" failures="0" tests="2" name="coverFoxTest.CoverFoxTC1" time="5.616" errors="0" timestamp="2024-08-10T23:44:29 IST" skipped="0">
  <testcase classname="coverFoxTest.CoverFoxTC1" name="validatePresenceofSortButton" time="3.374">
    <system-out>
      <![CDATA[validatePresenceofSortButtonTC execution started
taking screenshot
saving file at location C:\Users\Admin\eclipse-workspace\CoverFoxInsurance\screenShots\validatePresenceofSortButton20240810234427.png]]>
    </system-out>
  </testcase> <!-- validatePresenceofSortButton -->
  <testcase classname="coverFoxTest.CoverFoxTC1" name="validateBanners" time="2.242">
    <system-out>
      <![CDATA[validateBannersTC execution started]]>
    </system-out>
  </testcase> <!-- validateBanners -->
  <system-out>
    <![CDATA[Launching browser
waiting...
clicking on female button
clicking on next button
age is selected
clicking on next button
entering pincode
entering mobile number
click on continue button
validateBannersTC execution started
validatePresenceofSortButtonTC execution started
taking screenshot
saving file at location C:\Users\Admin\eclipse-workspace\CoverFoxInsurance\screenShots\validatePresenceofSortButton20240810234427.png
Closing browser]]>
  </system-out>
</testsuite> <!-- coverFoxTest.CoverFoxTC1 -->
